<?xml version="1.0" encoding="UTF-8"?>
<testng-results ignored="0" total="1" passed="1" failed="0" skipped="0">
  <reporter-output>
  </reporter-output>
  <suite started-at="2024-08-23T12:43:29 IST" name="Default suite" finished-at="2024-08-23T12:43:44 IST" duration-ms="14714">
    <groups>
    </groups>
    <test started-at="2024-08-23T12:43:29 IST" name="Default test" finished-at="2024-08-23T12:43:44 IST" duration-ms="14714">
      <class name="testngpkg.Windowhandler">
        <test-method is-config="true" signature="beforetest()[pri:0, instance:testngpkg.Windowhandler@1ca3b418]" started-at="2024-08-23T12:43:29 IST" name="beforetest" finished-at="2024-08-23T12:43:31 IST" duration-ms="1505" status="PASS">
          <reporter-output>
          </reporter-output>
        </test-method> <!-- beforetest -->
        <test-method signature="test()[pri:0, instance:testngpkg.Windowhandler@1ca3b418]" started-at="2024-08-23T12:43:31 IST" name="test" finished-at="2024-08-23T12:43:44 IST" duration-ms="13193" status="PASS">
          <reporter-output>
          </reporter-output>
        </test-method> <!-- test -->
      </class> <!-- testngpkg.Windowhandler -->
    </test> <!-- Default test -->
  </suite> <!-- Default suite -->
</testng-results>
